<?xml version="1.0" encoding="UTF-8"?>
<testng-results skipped="0" failed="0" ignored="0" total="1" passed="1">
  <reporter-output>
  </reporter-output>
  <suite name="Suite" duration-ms="130250" started-at="2021-03-24T14:48:59 IST" finished-at="2021-03-24T14:51:09 IST">
    <groups>
    </groups>
    <test name="Test" duration-ms="130250" started-at="2021-03-24T14:48:59 IST" finished-at="2021-03-24T14:51:09 IST">
      <class name="appiumFramework.demos">
        <test-method status="PASS" signature="bt()[pri:0, instance:appiumFramework.demos@612fc6eb]" name="bt" is-config="true" duration-ms="3042" started-at="2021-03-24T14:48:59 IST" finished-at="2021-03-24T14:49:02 IST">
          <reporter-output>
          </reporter-output>
        </test-method> <!-- bt -->
        <test-method status="PASS" signature="testcase4()[pri:0, instance:appiumFramework.demos@612fc6eb]" name="testcase4" duration-ms="127091" started-at="2021-03-24T14:49:02 IST" finished-at="2021-03-24T14:51:09 IST">
          <reporter-output>
          </reporter-output>
        </test-method> <!-- testcase4 -->
      </class> <!-- appiumFramework.demos -->
    </test> <!-- Test -->
  </suite> <!-- Suite -->
</testng-results>
